Using pre-set license
Built from '2020.2/staging' branch; Version is '2020.2.3f1 (8ff31bc5bf5b) revision 9433883'; Using compiler version '192528614'; Build Type 'Release'
OS: 'Windows 10 Home Single Language; OS build 19042.867; Version 2009; 64bit' Language: 'es' Physical Memory: 11164 MB
BatchMode: 1, IsHumanControllingUs: 0, StartBugReporterOnCrash: 0, Is64bit: 1, IsPro: 0

 COMMAND LINE ARGUMENTS:
C:\Program Files\Unity\Hub\Editor\2020.2.3f1\Editor\Unity.exe
-adb2
-batchMode
-noUpm
-name
AssetImportWorker0
-projectPath
D:/Unity projects/Juego-2D-RPG/Juego-2D-RPG/Juego-2D-RPG
-logFile
Logs/AssetImportWorker0.log
-srvPort
10840
Successfully changed project path to: D:/Unity projects/Juego-2D-RPG/Juego-2D-RPG/Juego-2D-RPG
D:/Unity projects/Juego-2D-RPG/Juego-2D-RPG/Juego-2D-RPG
Using Asset Import Pipeline V2.
Refreshing native plugins compatible for Editor in 115.59 ms, found 1 plugins.
Preloading 0 native plugins for Editor in 0.00 ms.
Initialize engine version: 2020.2.3f1 (8ff31bc5bf5b)
[Subsystems] Discovering subsystems at path C:/Program Files/Unity/Hub/Editor/2020.2.3f1/Editor/Data/Resources/UnitySubsystems
[Subsystems] Discovering subsystems at path D:/Unity projects/Juego-2D-RPG/Juego-2D-RPG/Juego-2D-RPG/Assets
GfxDevice: creating device client; threaded=0
Direct3D:
    Version:  Direct3D 11.0 [level 11.1]
    Renderer: AMD Radeon(TM) Vega 8 Graphics (ID=0x15dd)
    Vendor:   
    VRAM:     5582 MB
    Driver:   26.20.12036.1
Initialize mono
Mono path[0] = 'C:/Program Files/Unity/Hub/Editor/2020.2.3f1/Editor/Data/Managed'
Mono path[1] = 'C:/Program Files/Unity/Hub/Editor/2020.2.3f1/Editor/Data/MonoBleedingEdge/lib/mono/unityjit'
Mono config path = 'C:/Program Files/Unity/Hub/Editor/2020.2.3f1/Editor/Data/MonoBleedingEdge/etc'
Using monoOptions --debugger-agent=transport=dt_socket,embedding=1,server=y,suspend=n,address=127.0.0.1:56688
Begin MonoManager ReloadAssembly
Registering precompiled unity dll's ...
Register platform support module: C:/Program Files/Unity/Hub/Editor/2020.2.3f1/Editor/Data/PlaybackEngines/WebGLSupport/UnityEditor.WebGL.Extensions.dll
Register platform support module: C:/Program Files/Unity/Hub/Editor/2020.2.3f1/Editor/Data/PlaybackEngines/WindowsStandaloneSupport/UnityEditor.WindowsStandalone.Extensions.dll
Registered in 0.010104 seconds.
Native extension for WindowsStandalone target not found
Native extension for WebGL target not found
Refreshing native plugins compatible for Editor in 70.94 ms, found 1 plugins.
Preloading 0 native plugins for Editor in 0.00 ms.
Invoked RoslynAnalysisRunner static constructor.
RoslynAnalysisRunner will not be running.
RoslynAnalysisRunner has terminated.
Mono: successfully reloaded assembly
- Completed reload, in  3.787 seconds
Platform modules already initialized, skipping
Registering precompiled user dll's ...
Registered in 0.004451 seconds.
Begin MonoManager ReloadAssembly
Native extension for WindowsStandalone target not found
Native extension for WebGL target not found
Refreshing native plugins compatible for Editor in 87.49 ms, found 1 plugins.
Preloading 0 native plugins for Editor in 0.00 ms.
Invoked RoslynAnalysisRunner static constructor.
RoslynAnalysisRunner will not be running.
RoslynAnalysisRunner has terminated.
Mono: successfully reloaded assembly
- Completed reload, in  1.546 seconds
Platform modules already initialized, skipping
========================================================================
Worker process is ready to serve import requests
Launched and connected shader compiler UnityShaderCompiler.exe after 0.14 seconds
Refreshing native plugins compatible for Editor in 0.88 ms, found 1 plugins.
Preloading 0 native plugins for Editor in 0.00 ms.
Unloading 2102 Unused Serialized files (Serialized files now loaded: 0)
System memory in use before: 94.4 MB.
System memory in use after: 94.4 MB.

Unloading 44 unused Assets to reduce memory usage. Loaded Objects now: 2527.
Total: 4.080500 ms (FindLiveObjects: 0.461700 ms CreateObjectMapping: 0.123300 ms MarkObjects: 3.204800 ms  DeleteObjects: 0.286800 ms)

========================================================================
Received Import Request.
  path: Assets/Readme.asset
  artifactKey: Guid(83c2ed844a8c74b779a4c823d16594b1) Importer(815301076,1909f56bfc062723c751e8b465ee728b)
Start importing Assets/Readme.asset using Guid(83c2ed844a8c74b779a4c823d16594b1) Importer(815301076,1909f56bfc062723c751e8b465ee728b)  -> (artifact id: 'a1ec5fb9f15996ec80d742c1ea8f9d8b') in 0.088175 seconds
  Import took 0.093720 seconds .

========================================================================
Received Import Request.
  Time since last request: 39.895269 seconds.
  path: Assets/Scenes
  artifactKey: Guid(14e7dc1a38814a042a04f3bf93e69106) Importer(815301076,1909f56bfc062723c751e8b465ee728b)
Start importing Assets/Scenes using Guid(14e7dc1a38814a042a04f3bf93e69106) Importer(815301076,1909f56bfc062723c751e8b465ee728b)  -> (artifact id: '5a256d201d823db908a4a2c43705f6e5') in 0.007113 seconds
  Import took 0.012847 seconds .

========================================================================
Received Import Request.
  Time since last request: 0.010412 seconds.
  path: Assets/Scenes
  artifactKey: Guid(14e7dc1a38814a042a04f3bf93e69106) Importer(815301076,1909f56bfc062723c751e8b465ee728b)
Start importing Assets/Scenes using Guid(14e7dc1a38814a042a04f3bf93e69106) Importer(815301076,1909f56bfc062723c751e8b465ee728b)  -> (artifact id: '5a256d201d823db908a4a2c43705f6e5') in 0.006249 seconds
  Import took 0.013133 seconds .

========================================================================
Received Import Request.
  Time since last request: 3.402127 seconds.
  path: Assets/Creator Kit - RPG
  artifactKey: Guid(1e891b8029d454c93a95feb56e9901c3) Importer(815301076,1909f56bfc062723c751e8b465ee728b)
Start importing Assets/Creator Kit - RPG using Guid(1e891b8029d454c93a95feb56e9901c3) Importer(815301076,1909f56bfc062723c751e8b465ee728b)  -> (artifact id: 'e83fb870460fb0403b94203c14d11ee1') in 0.006828 seconds
  Import took 0.012698 seconds .

========================================================================
Received Import Request.
  Time since last request: 2.894566 seconds.
  path: Assets/Creator Kit - RPG/Scenes
  artifactKey: Guid(ea5d6fea1f9f4414aadc22fdbc51cc81) Importer(815301076,1909f56bfc062723c751e8b465ee728b)
Start importing Assets/Creator Kit - RPG/Scenes using Guid(ea5d6fea1f9f4414aadc22fdbc51cc81) Importer(815301076,1909f56bfc062723c751e8b465ee728b)  -> (artifact id: '983ecf0e9e20a5b4493567965393b709') in 0.009688 seconds
  Import took 0.015694 seconds .

========================================================================
Received Import Request.
  Time since last request: 1.971386 seconds.
  path: Assets/Creator Kit - RPG/Scenes/BlankScene.unity
  artifactKey: Guid(6f7f323fbafea47d6b437a00d0d10d3d) Importer(815301076,1909f56bfc062723c751e8b465ee728b)
Start importing Assets/Creator Kit - RPG/Scenes/BlankScene.unity using Guid(6f7f323fbafea47d6b437a00d0d10d3d) Importer(815301076,1909f56bfc062723c751e8b465ee728b)  -> (artifact id: '2fbaef5e50a528707df8b54e35fc75d5') in 0.007752 seconds
  Import took 0.014353 seconds .

========================================================================
Received Prepare
Registering precompiled user dll's ...
Registered in 0.008415 seconds.
Begin MonoManager ReloadAssembly
Native extension for WindowsStandalone target not found
Native extension for WebGL target not found
Refreshing native plugins compatible for Editor in 0.82 ms, found 1 plugins.
Preloading 0 native plugins for Editor in 0.00 ms.
Invoked RoslynAnalysisRunner static constructor.
RoslynAnalysisRunner will not be running.
RoslynAnalysisRunner has terminated.
Mono: successfully reloaded assembly
- Completed reload, in  1.844 seconds
Platform modules already initialized, skipping
Refreshing native plugins compatible for Editor in 0.83 ms, found 1 plugins.
Preloading 0 native plugins for Editor in 0.00 ms.
Unloading 2084 Unused Serialized files (Serialized files now loaded: 0)
System memory in use before: 93.3 MB.
System memory in use after: 93.3 MB.

Unloading 32 unused Assets to reduce memory usage. Loaded Objects now: 2530.
Total: 4.085700 ms (FindLiveObjects: 0.389000 ms CreateObjectMapping: 0.138500 ms MarkObjects: 3.369300 ms  DeleteObjects: 0.186400 ms)

========================================================================
Received Import Request.
  Time since last request: 340.637240 seconds.
  path: Assets/Creator Kit - RPG/Scenes/SampleScene.unity
  artifactKey: Guid(2ea7383a0a8af431080e0aa251ee7115) Importer(815301076,1909f56bfc062723c751e8b465ee728b)
Start importing Assets/Creator Kit - RPG/Scenes/SampleScene.unity using Guid(2ea7383a0a8af431080e0aa251ee7115) Importer(815301076,1909f56bfc062723c751e8b465ee728b)  -> (artifact id: '81d02a6735e3078045c131fc504f3587') in 0.021852 seconds
  Import took 0.026599 seconds .

========================================================================
Received Prepare
Registering precompiled user dll's ...
Registered in 0.004494 seconds.
Begin MonoManager ReloadAssembly
Native extension for WindowsStandalone target not found
Native extension for WebGL target not found
Refreshing native plugins compatible for Editor in 0.86 ms, found 1 plugins.
Preloading 0 native plugins for Editor in 0.00 ms.
Invoked RoslynAnalysisRunner static constructor.
RoslynAnalysisRunner will not be running.
RoslynAnalysisRunner has terminated.
Mono: successfully reloaded assembly
- Completed reload, in  1.488 seconds
Platform modules already initialized, skipping
Refreshing native plugins compatible for Editor in 1.02 ms, found 1 plugins.
Preloading 0 native plugins for Editor in 0.00 ms.
Unloading 2084 Unused Serialized files (Serialized files now loaded: 0)
System memory in use before: 93.4 MB.
System memory in use after: 93.4 MB.

Unloading 32 unused Assets to reduce memory usage. Loaded Objects now: 2533.
Total: 3.031900 ms (FindLiveObjects: 0.290400 ms CreateObjectMapping: 0.068400 ms MarkObjects: 2.490200 ms  DeleteObjects: 0.181300 ms)

========================================================================
Received Prepare
Registering precompiled user dll's ...
Registered in 0.003536 seconds.
Begin MonoManager ReloadAssembly
Native extension for WindowsStandalone target not found
Native extension for WebGL target not found
Refreshing native plugins compatible for Editor in 0.91 ms, found 1 plugins.
Preloading 0 native plugins for Editor in 0.00 ms.
Invoked RoslynAnalysisRunner static constructor.
RoslynAnalysisRunner will not be running.
RoslynAnalysisRunner has terminated.
Mono: successfully reloaded assembly
- Completed reload, in  1.515 seconds
Platform modules already initialized, skipping
Refreshing native plugins compatible for Editor in 0.91 ms, found 1 plugins.
Preloading 0 native plugins for Editor in 0.00 ms.
Unloading 2084 Unused Serialized files (Serialized files now loaded: 0)
System memory in use before: 93.4 MB.
System memory in use after: 93.4 MB.

Unloading 32 unused Assets to reduce memory usage. Loaded Objects now: 2536.
Total: 3.837400 ms (FindLiveObjects: 0.400400 ms CreateObjectMapping: 0.157200 ms MarkObjects: 3.078900 ms  DeleteObjects: 0.198900 ms)

========================================================================
Received Import Request.
  Time since last request: 340.391724 seconds.
  path: Assets/Creator Kit - RPG/Scenes/BlankScene 1.unity
  artifactKey: Guid(e49bcb1faaacbd248ae118bbcf47dd96) Importer(815301076,1909f56bfc062723c751e8b465ee728b)
Start importing Assets/Creator Kit - RPG/Scenes/BlankScene 1.unity using Guid(e49bcb1faaacbd248ae118bbcf47dd96) Importer(815301076,1909f56bfc062723c751e8b465ee728b)  -> (artifact id: '2423020950c042743cf7da2eacedf5b2') in 0.027352 seconds
  Import took 0.033301 seconds .

========================================================================
Received Import Request.
  Time since last request: 116.695762 seconds.
  path: Assets/Creator Kit - RPG/Prefabs
  artifactKey: Guid(a682643de78b742dda93b717dff9e832) Importer(815301076,1909f56bfc062723c751e8b465ee728b)
Start importing Assets/Creator Kit - RPG/Prefabs using Guid(a682643de78b742dda93b717dff9e832) Importer(815301076,1909f56bfc062723c751e8b465ee728b)  -> (artifact id: 'f1198d5b4d3eb934229f5fa0e4fec618') in 0.006894 seconds
  Import took 0.013219 seconds .

========================================================================
Received Import Request.
  Time since last request: 0.077074 seconds.
  path: Assets/Creator Kit - RPG/Prefabs/Character.prefab
  artifactKey: Guid(84535a21e4ab6412690b5fa8acc3908e) Importer(815301076,1909f56bfc062723c751e8b465ee728b)
Start importing Assets/Creator Kit - RPG/Prefabs/Character.prefab using Guid(84535a21e4ab6412690b5fa8acc3908e) Importer(815301076,1909f56bfc062723c751e8b465ee728b)  -> (artifact id: 'f7a7d415bd5a035471c7b857f0db0417') in 1.178945 seconds
  Import took 1.185020 seconds .

========================================================================
Received Import Request.
  Time since last request: 0.000467 seconds.
  path: Assets/Creator Kit - RPG/Prefabs/UI Camera.prefab
  artifactKey: Guid(fb58dc84dca7b49f99bde3835c80609b) Importer(815301076,1909f56bfc062723c751e8b465ee728b)
Start importing Assets/Creator Kit - RPG/Prefabs/UI Camera.prefab using Guid(fb58dc84dca7b49f99bde3835c80609b) Importer(815301076,1909f56bfc062723c751e8b465ee728b)  -> (artifact id: '94f2cc17333097e6edf9973a7a6ff583') in 0.012631 seconds
  Import took 0.017680 seconds .

========================================================================
Received Import Request.
  Time since last request: 0.000440 seconds.
  path: Assets/Creator Kit - RPG/Prefabs/MessageBar.prefab
  artifactKey: Guid(81816288a86af46c598e1fa3b10e24a4) Importer(815301076,1909f56bfc062723c751e8b465ee728b)
Start importing Assets/Creator Kit - RPG/Prefabs/MessageBar.prefab using Guid(81816288a86af46c598e1fa3b10e24a4) Importer(815301076,1909f56bfc062723c751e8b465ee728b)  -> (artifact id: '7210bc103eab8013159d9af0113c7a33') in 0.202498 seconds
  Import took 0.208982 seconds .

========================================================================
Received Import Request.
  Time since last request: 0.000492 seconds.
  path: Assets/Creator Kit - RPG/Prefabs/Main Camera.prefab
  artifactKey: Guid(1c14ebde4b5e54881a67b686f46e6b1d) Importer(815301076,1909f56bfc062723c751e8b465ee728b)
Start importing Assets/Creator Kit - RPG/Prefabs/Main Camera.prefab using Guid(1c14ebde4b5e54881a67b686f46e6b1d) Importer(815301076,1909f56bfc062723c751e8b465ee728b)  -> (artifact id: '133c6eca29c389204b7ca67d9a19ddc0') in 0.091974 seconds
  Import took 0.097751 seconds .

========================================================================
Received Import Request.
  Time since last request: 0.000432 seconds.
  path: Assets/Creator Kit - RPG/Prefabs/Tilemaps.prefab
  artifactKey: Guid(a6ecdc63374074e6eb42a738a5683a91) Importer(815301076,1909f56bfc062723c751e8b465ee728b)
Start importing Assets/Creator Kit - RPG/Prefabs/Tilemaps.prefab using Guid(a6ecdc63374074e6eb42a738a5683a91) Importer(815301076,1909f56bfc062723c751e8b465ee728b)  -> (artifact id: '10f4c11edffb854e95d175edf71e6600') in 0.010085 seconds
  Import took 0.015262 seconds .

========================================================================
Received Import Request.
  Time since last request: 0.000380 seconds.
  path: Assets/Creator Kit - RPG/Prefabs/Grid.prefab
  artifactKey: Guid(9cfc23e1a92d54df288065697ba3e2f9) Importer(815301076,1909f56bfc062723c751e8b465ee728b)
Start importing Assets/Creator Kit - RPG/Prefabs/Grid.prefab using Guid(9cfc23e1a92d54df288065697ba3e2f9) Importer(815301076,1909f56bfc062723c751e8b465ee728b)  -> (artifact id: '8c17a429fb23d344c3715d0324bd48ab') in 0.010119 seconds
  Import took 0.016166 seconds .

========================================================================
Received Import Request.
  Time since last request: 0.000362 seconds.
  path: Assets/Creator Kit - RPG/Prefabs/Controllers.prefab
  artifactKey: Guid(d96c0846c7d644f72bfbf301de1def5c) Importer(815301076,1909f56bfc062723c751e8b465ee728b)
Start importing Assets/Creator Kit - RPG/Prefabs/Controllers.prefab using Guid(d96c0846c7d644f72bfbf301de1def5c) Importer(815301076,1909f56bfc062723c751e8b465ee728b)  -> (artifact id: '9a9cfeae89e2ba040f063030e29daee9') in 0.132288 seconds
  Import took 0.137525 seconds .

========================================================================
Received Import Request.
  Time since last request: 0.000532 seconds.
  path: Assets/Creator Kit - RPG/Prefabs/DialogController.prefab
  artifactKey: Guid(ab3f7178010354d87a5016c7d6b23a5a) Importer(815301076,1909f56bfc062723c751e8b465ee728b)
Start importing Assets/Creator Kit - RPG/Prefabs/DialogController.prefab using Guid(ab3f7178010354d87a5016c7d6b23a5a) Importer(815301076,1909f56bfc062723c751e8b465ee728b)  -> (artifact id: '9925fe32ff27a53813b181cd9818831b') in 0.044763 seconds
  Import took 0.050524 seconds .

========================================================================
Received Import Request.
  Time since last request: 0.000817 seconds.
  path: Assets/Creator Kit - RPG/Prefabs/HouseOpenDoor.prefab
  artifactKey: Guid(8d9e5ee92a6bccc4892e3ebb23cc4766) Importer(815301076,1909f56bfc062723c751e8b465ee728b)
Start importing Assets/Creator Kit - RPG/Prefabs/HouseOpenDoor.prefab using Guid(8d9e5ee92a6bccc4892e3ebb23cc4766) Importer(815301076,1909f56bfc062723c751e8b465ee728b)  -> (artifact id: '87f9e4f2f7be5ecc028b86e1b4649e26') in 0.020480 seconds
  Import took 0.025653 seconds .

========================================================================
Received Import Request.
  Time since last request: 0.000371 seconds.
  path: Assets/Creator Kit - RPG/Prefabs/Inventory.prefab
  artifactKey: Guid(7c53998562858411aa85d8e0c4bc1333) Importer(815301076,1909f56bfc062723c751e8b465ee728b)
Start importing Assets/Creator Kit - RPG/Prefabs/Inventory.prefab using Guid(7c53998562858411aa85d8e0c4bc1333) Importer(815301076,1909f56bfc062723c751e8b465ee728b)  -> (artifact id: '6ae2c39d8e1469ba6fa9e5e5b9b7feb2') in 0.046461 seconds
  Import took 0.052101 seconds .

========================================================================
Received Import Request.
  Time since last request: 0.000429 seconds.
  path: Assets/Creator Kit - RPG/Prefabs/InventoryDialog.prefab
  artifactKey: Guid(9c7cbb01d716340ab97a9c902e59ccee) Importer(815301076,1909f56bfc062723c751e8b465ee728b)
Start importing Assets/Creator Kit - RPG/Prefabs/InventoryDialog.prefab using Guid(9c7cbb01d716340ab97a9c902e59ccee) Importer(815301076,1909f56bfc062723c751e8b465ee728b)  -> (artifact id: 'fb6079df861774d90df7c3df2b0446a3') in 0.043794 seconds
  Import took 0.050004 seconds .

========================================================================
Received Import Request.
  Time since last request: 0.000358 seconds.
  path: Assets/Creator Kit - RPG/Prefabs/HouseRoof.prefab
  artifactKey: Guid(4ca9604554bc54f608984cba5088222e) Importer(815301076,1909f56bfc062723c751e8b465ee728b)
Start importing Assets/Creator Kit - RPG/Prefabs/HouseRoof.prefab using Guid(4ca9604554bc54f608984cba5088222e) Importer(815301076,1909f56bfc062723c751e8b465ee728b)  -> (artifact id: 'd75ce367bcfda4d743884995579e1d3e') in 0.015874 seconds
  Import took 0.021516 seconds .

========================================================================
Received Import Request.
  Time since last request: 0.000345 seconds.
  path: Assets/Creator Kit - RPG/Prefabs/HouseChimney.prefab
  artifactKey: Guid(4d6bc847403394c328ca695ffeb4a209) Importer(815301076,1909f56bfc062723c751e8b465ee728b)
Start importing Assets/Creator Kit - RPG/Prefabs/HouseChimney.prefab using Guid(4d6bc847403394c328ca695ffeb4a209) Importer(815301076,1909f56bfc062723c751e8b465ee728b)  -> (artifact id: '16238b5181ac1db4ffa96273bbb9dc02') in 0.015534 seconds
  Import took 0.020505 seconds .

========================================================================
Received Import Request.
  Time since last request: 32.986576 seconds.
  path: Assets/Creator Kit - RPG/Art/Sprites/Environment/House.png
  artifactKey: Guid(8a9662b554744da4e97ed5bba5353115) Importer(815301076,1909f56bfc062723c751e8b465ee728b)
Start importing Assets/Creator Kit - RPG/Art/Sprites/Environment/House.png using Guid(8a9662b554744da4e97ed5bba5353115) Importer(815301076,1909f56bfc062723c751e8b465ee728b)  -> (artifact id: '3badc56b5a9a0adc681b197a2d2238dc') in 0.958230 seconds
  Import took 0.964539 seconds .

========================================================================
Received Import Request.
  Time since last request: 0.000516 seconds.
  path: Assets/Creator Kit - RPG/Art/Sprites/Environment/HouseRoof.png
  artifactKey: Guid(b694b22057cf35c4e96748f66d3f1f75) Importer(815301076,1909f56bfc062723c751e8b465ee728b)
Start importing Assets/Creator Kit - RPG/Art/Sprites/Environment/HouseRoof.png using Guid(b694b22057cf35c4e96748f66d3f1f75) Importer(815301076,1909f56bfc062723c751e8b465ee728b)  -> (artifact id: 'dae08f8465cca12b2d8010aa2b59c002') in 0.025644 seconds
  Import took 0.031454 seconds .

========================================================================
Received Import Request.
  Time since last request: 0.000421 seconds.
  path: Assets/Creator Kit - RPG/Art/Sprites/Environment/static environment objects.png
  artifactKey: Guid(e10c13642d970a64cbfb16f898fcd46c) Importer(815301076,1909f56bfc062723c751e8b465ee728b)
Start importing Assets/Creator Kit - RPG/Art/Sprites/Environment/static environment objects.png using Guid(e10c13642d970a64cbfb16f898fcd46c) Importer(815301076,1909f56bfc062723c751e8b465ee728b)  -> (artifact id: '26c242fe2016a233752d9d773390267a') in 0.101442 seconds
  Import took 0.106925 seconds .

========================================================================
Received Import Request.
  Time since last request: 0.000431 seconds.
  path: Assets/Creator Kit - RPG/Art/Sprites/Environment/RockCliff.png
  artifactKey: Guid(b63a2439c80a4fe45bfe85f860f4b8d9) Importer(815301076,1909f56bfc062723c751e8b465ee728b)
Start importing Assets/Creator Kit - RPG/Art/Sprites/Environment/RockCliff.png using Guid(b63a2439c80a4fe45bfe85f860f4b8d9) Importer(815301076,1909f56bfc062723c751e8b465ee728b)  -> (artifact id: '9a393dec837c7138a61415e1fffc6472') in 0.286699 seconds
  Import took 0.292931 seconds .

========================================================================
Received Import Request.
  Time since last request: 0.000468 seconds.
  path: Assets/Creator Kit - RPG/Art/Sprites/Environment/House.png
  artifactKey: Guid(8a9662b554744da4e97ed5bba5353115) Importer(815301076,1909f56bfc062723c751e8b465ee728b)
Start importing Assets/Creator Kit - RPG/Art/Sprites/Environment/House.png using Guid(8a9662b554744da4e97ed5bba5353115) Importer(815301076,1909f56bfc062723c751e8b465ee728b)  -> (artifact id: '3badc56b5a9a0adc681b197a2d2238dc') in 0.210887 seconds
  Import took 0.216239 seconds .

========================================================================
Received Import Request.
  Time since last request: 0.000436 seconds.
  path: Assets/Creator Kit - RPG/Art/Sprites/Environment/HouseChimney.png
  artifactKey: Guid(abdcf40be89574346bcdb8a45022ba72) Importer(815301076,1909f56bfc062723c751e8b465ee728b)
Start importing Assets/Creator Kit - RPG/Art/Sprites/Environment/HouseChimney.png using Guid(abdcf40be89574346bcdb8a45022ba72) Importer(815301076,1909f56bfc062723c751e8b465ee728b)  -> (artifact id: '9e7361e6443620a1e68f80cf2dbf42e2') in 0.017556 seconds
  Import took 0.023084 seconds .

========================================================================
Received Import Request.
  Time since last request: 0.000428 seconds.
  path: Assets/Creator Kit - RPG/Art/Sprites/Environment/Items.png
  artifactKey: Guid(a4dbce958f01af8489942a973bfe20c3) Importer(815301076,1909f56bfc062723c751e8b465ee728b)
Start importing Assets/Creator Kit - RPG/Art/Sprites/Environment/Items.png using Guid(a4dbce958f01af8489942a973bfe20c3) Importer(815301076,1909f56bfc062723c751e8b465ee728b)  -> (artifact id: '6ece89f1dee8fe6fc080822dd97a601d') in 0.045283 seconds
  Import took 0.050662 seconds .

========================================================================
Received Import Request.
  Time since last request: 0.000452 seconds.
  path: Assets/Creator Kit - RPG/Art/Sprites/Environment/Pipeline_Walkpath.png
  artifactKey: Guid(4567a16d0e0692048b18bfbb59a5b426) Importer(815301076,1909f56bfc062723c751e8b465ee728b)
Start importing Assets/Creator Kit - RPG/Art/Sprites/Environment/Pipeline_Walkpath.png using Guid(4567a16d0e0692048b18bfbb59a5b426) Importer(815301076,1909f56bfc062723c751e8b465ee728b)  -> (artifact id: '94be1cbb31384c1a32665903ee2bf1c9') in 0.181265 seconds
  Import took 0.187000 seconds .

========================================================================
Received Import Request.
  Time since last request: 0.000495 seconds.
  path: Assets/Creator Kit - RPG/Art/Sprites/Environment/Pipeline_StoneWalkpath.png
  artifactKey: Guid(b2cf06612d923d6438d12b0d3a2c7ecc) Importer(815301076,1909f56bfc062723c751e8b465ee728b)
Start importing Assets/Creator Kit - RPG/Art/Sprites/Environment/Pipeline_StoneWalkpath.png using Guid(b2cf06612d923d6438d12b0d3a2c7ecc) Importer(815301076,1909f56bfc062723c751e8b465ee728b)  -> (artifact id: '38b6e362138f505e9cc5234167d9d397') in 0.062706 seconds
  Import took 0.068505 seconds .

========================================================================
Received Import Request.
  Time since last request: 0.002742 seconds.
  path: Assets/Creator Kit - RPG/Art/Sprites/Environment/Pipeline_StoneWalkpath.png
  artifactKey: Guid(b2cf06612d923d6438d12b0d3a2c7ecc) Importer(815301076,1909f56bfc062723c751e8b465ee728b)
Start importing Assets/Creator Kit - RPG/Art/Sprites/Environment/Pipeline_StoneWalkpath.png using Guid(b2cf06612d923d6438d12b0d3a2c7ecc) Importer(815301076,1909f56bfc062723c751e8b465ee728b)  -> (artifact id: '38b6e362138f505e9cc5234167d9d397') in 0.158320 seconds
  Import took 0.163810 seconds .

========================================================================
Received Import Request.
  Time since last request: 1.555368 seconds.
  path: Assets/Creator Kit - RPG/Art/Sprites/Environment/Cloud1.png
  artifactKey: Guid(3dd7a0a47117acb40adbfe0778729b81) Importer(815301076,1909f56bfc062723c751e8b465ee728b)
Start importing Assets/Creator Kit - RPG/Art/Sprites/Environment/Cloud1.png using Guid(3dd7a0a47117acb40adbfe0778729b81) Importer(815301076,1909f56bfc062723c751e8b465ee728b)  -> (artifact id: '4ff8ed71cbca7bb7a450882d29d1de7f') in 0.015468 seconds
  Import took 0.020961 seconds .

========================================================================
Received Import Request.
  Time since last request: 0.000499 seconds.
  path: Assets/Creator Kit - RPG/Art/Sprites/Environment/Cloud2.png
  artifactKey: Guid(8770f05271826164aadd939d4728d3a1) Importer(815301076,1909f56bfc062723c751e8b465ee728b)
Start importing Assets/Creator Kit - RPG/Art/Sprites/Environment/Cloud2.png using Guid(8770f05271826164aadd939d4728d3a1) Importer(815301076,1909f56bfc062723c751e8b465ee728b)  -> (artifact id: '1aac3f24add8ac73c30ec1507c4906f0') in 0.014157 seconds
  Import took 0.018954 seconds .

========================================================================
Received Import Request.
  Time since last request: 0.000502 seconds.
  path: Assets/Creator Kit - RPG/Art/Sprites/Environment/Fence.png
  artifactKey: Guid(a53d2c44340a6d14ea260ceefba9a1e8) Importer(815301076,1909f56bfc062723c751e8b465ee728b)
Start importing Assets/Creator Kit - RPG/Art/Sprites/Environment/Fence.png using Guid(a53d2c44340a6d14ea260ceefba9a1e8) Importer(815301076,1909f56bfc062723c751e8b465ee728b)  -> (artifact id: '058030876fdfdadcc8bcb2d80c463e37') in 0.054694 seconds
  Import took 0.059655 seconds .

========================================================================
Received Import Request.
  Time since last request: 0.000457 seconds.
  path: Assets/Creator Kit - RPG/Art/Sprites/Environment/Cloud3.png
  artifactKey: Guid(f3fd60347f10d1f46aa6495101e7de38) Importer(815301076,1909f56bfc062723c751e8b465ee728b)
Start importing Assets/Creator Kit - RPG/Art/Sprites/Environment/Cloud3.png using Guid(f3fd60347f10d1f46aa6495101e7de38) Importer(815301076,1909f56bfc062723c751e8b465ee728b)  -> (artifact id: 'ad65c0ea88148da838ebade0411fd1e9') in 0.017153 seconds
  Import took 0.022112 seconds .

========================================================================
Received Prepare
Registering precompiled user dll's ...
Registered in 0.004414 seconds.
Begin MonoManager ReloadAssembly
Native extension for WindowsStandalone target not found
Native extension for WebGL target not found
Refreshing native plugins compatible for Editor in 0.88 ms, found 1 plugins.
Preloading 0 native plugins for Editor in 0.00 ms.
Invoked RoslynAnalysisRunner static constructor.
RoslynAnalysisRunner will not be running.
RoslynAnalysisRunner has terminated.
Mono: successfully reloaded assembly
- Completed reload, in  1.485 seconds
Platform modules already initialized, skipping
Refreshing native plugins compatible for Editor in 0.72 ms, found 1 plugins.
Preloading 0 native plugins for Editor in 0.00 ms.
Unloading 2084 Unused Serialized files (Serialized files now loaded: 0)
System memory in use before: 96.6 MB.
System memory in use after: 96.6 MB.

Unloading 34 unused Assets to reduce memory usage. Loaded Objects now: 2575.
Total: 3.678100 ms (FindLiveObjects: 0.405300 ms CreateObjectMapping: 0.069100 ms MarkObjects: 2.996700 ms  DeleteObjects: 0.205400 ms)

========================================================================
Received Prepare
Registering precompiled user dll's ...
Registered in 0.003383 seconds.
Begin MonoManager ReloadAssembly
Native extension for WindowsStandalone target not found
Native extension for WebGL target not found
Refreshing native plugins compatible for Editor in 0.89 ms, found 1 plugins.
Preloading 0 native plugins for Editor in 0.00 ms.
Invoked RoslynAnalysisRunner static constructor.
RoslynAnalysisRunner will not be running.
RoslynAnalysisRunner has terminated.
Mono: successfully reloaded assembly
- Completed reload, in  1.536 seconds
Platform modules already initialized, skipping
Refreshing native plugins compatible for Editor in 0.97 ms, found 1 plugins.
Preloading 0 native plugins for Editor in 0.00 ms.
Unloading 2084 Unused Serialized files (Serialized files now loaded: 0)
System memory in use before: 96.6 MB.
System memory in use after: 96.6 MB.

Unloading 32 unused Assets to reduce memory usage. Loaded Objects now: 2578.
Total: 4.134800 ms (FindLiveObjects: 0.481100 ms CreateObjectMapping: 0.076100 ms MarkObjects: 3.345700 ms  DeleteObjects: 0.230000 ms)

========================================================================
Received Prepare
Registering precompiled user dll's ...
Registered in 0.004152 seconds.
Begin MonoManager ReloadAssembly
Native extension for WindowsStandalone target not found
Native extension for WebGL target not found
Refreshing native plugins compatible for Editor in 0.72 ms, found 1 plugins.
Preloading 0 native plugins for Editor in 0.00 ms.
Invoked RoslynAnalysisRunner static constructor.
RoslynAnalysisRunner will not be running.
RoslynAnalysisRunner has terminated.
Mono: successfully reloaded assembly
- Completed reload, in  1.468 seconds
Platform modules already initialized, skipping
Refreshing native plugins compatible for Editor in 0.91 ms, found 1 plugins.
Preloading 0 native plugins for Editor in 0.00 ms.
Unloading 2084 Unused Serialized files (Serialized files now loaded: 0)
System memory in use before: 96.6 MB.
System memory in use after: 96.6 MB.

Unloading 32 unused Assets to reduce memory usage. Loaded Objects now: 2581.
Total: 3.931700 ms (FindLiveObjects: 0.462000 ms CreateObjectMapping: 0.122100 ms MarkObjects: 3.140700 ms  DeleteObjects: 0.205100 ms)

========================================================================
Received Prepare
Registering precompiled user dll's ...
Registered in 0.003170 seconds.
Begin MonoManager ReloadAssembly
Native extension for WindowsStandalone target not found
Native extension for WebGL target not found
Refreshing native plugins compatible for Editor in 0.92 ms, found 1 plugins.
Preloading 0 native plugins for Editor in 0.00 ms.
Invoked RoslynAnalysisRunner static constructor.
RoslynAnalysisRunner will not be running.
RoslynAnalysisRunner has terminated.
Mono: successfully reloaded assembly
- Completed reload, in  1.573 seconds
Platform modules already initialized, skipping
Refreshing native plugins compatible for Editor in 0.74 ms, found 1 plugins.
Preloading 0 native plugins for Editor in 0.00 ms.
Unloading 2084 Unused Serialized files (Serialized files now loaded: 0)
System memory in use before: 96.6 MB.
System memory in use after: 96.6 MB.

Unloading 32 unused Assets to reduce memory usage. Loaded Objects now: 2584.
Total: 3.496200 ms (FindLiveObjects: 0.393100 ms CreateObjectMapping: 0.133200 ms MarkObjects: 2.777900 ms  DeleteObjects: 0.189800 ms)

========================================================================
Received Prepare
Registering precompiled user dll's ...
Registered in 0.003659 seconds.
Begin MonoManager ReloadAssembly
Native extension for WindowsStandalone target not found
Native extension for WebGL target not found
Refreshing native plugins compatible for Editor in 0.71 ms, found 1 plugins.
Preloading 0 native plugins for Editor in 0.00 ms.
Invoked RoslynAnalysisRunner static constructor.
RoslynAnalysisRunner will not be running.
RoslynAnalysisRunner has terminated.
Mono: successfully reloaded assembly
- Completed reload, in  1.375 seconds
Platform modules already initialized, skipping
Refreshing native plugins compatible for Editor in 0.98 ms, found 1 plugins.
Preloading 0 native plugins for Editor in 0.00 ms.
Unloading 2084 Unused Serialized files (Serialized files now loaded: 0)
System memory in use before: 96.6 MB.
System memory in use after: 96.6 MB.

Unloading 32 unused Assets to reduce memory usage. Loaded Objects now: 2587.
Total: 4.538600 ms (FindLiveObjects: 0.453900 ms CreateObjectMapping: 0.133100 ms MarkObjects: 3.732900 ms  DeleteObjects: 0.217000 ms)

========================================================================
Received Prepare
Registering precompiled user dll's ...
Registered in 0.003969 seconds.
Begin MonoManager ReloadAssembly
Native extension for WindowsStandalone target not found
Native extension for WebGL target not found
Refreshing native plugins compatible for Editor in 0.78 ms, found 1 plugins.
Preloading 0 native plugins for Editor in 0.00 ms.
Invoked RoslynAnalysisRunner static constructor.
RoslynAnalysisRunner will not be running.
RoslynAnalysisRunner has terminated.
Mono: successfully reloaded assembly
- Completed reload, in  1.442 seconds
Platform modules already initialized, skipping
Refreshing native plugins compatible for Editor in 0.77 ms, found 1 plugins.
Preloading 0 native plugins for Editor in 0.00 ms.
Unloading 2084 Unused Serialized files (Serialized files now loaded: 0)
System memory in use before: 96.6 MB.
System memory in use after: 96.6 MB.

Unloading 32 unused Assets to reduce memory usage. Loaded Objects now: 2590.
Total: 3.005000 ms (FindLiveObjects: 0.392700 ms CreateObjectMapping: 0.096700 ms MarkObjects: 2.334200 ms  DeleteObjects: 0.179900 ms)

========================================================================
Received Prepare
Registering precompiled user dll's ...
Registered in 0.003376 seconds.
Begin MonoManager ReloadAssembly
Native extension for WindowsStandalone target not found
Native extension for WebGL target not found
Refreshing native plugins compatible for Editor in 0.73 ms, found 1 plugins.
Preloading 0 native plugins for Editor in 0.00 ms.
Invoked RoslynAnalysisRunner static constructor.
RoslynAnalysisRunner will not be running.
RoslynAnalysisRunner has terminated.
Mono: successfully reloaded assembly
- Completed reload, in  1.550 seconds
Platform modules already initialized, skipping
Refreshing native plugins compatible for Editor in 0.89 ms, found 1 plugins.
Preloading 0 native plugins for Editor in 0.00 ms.
Unloading 2084 Unused Serialized files (Serialized files now loaded: 0)
System memory in use before: 96.7 MB.
System memory in use after: 96.7 MB.

Unloading 32 unused Assets to reduce memory usage. Loaded Objects now: 2593.
Total: 4.031400 ms (FindLiveObjects: 0.621500 ms CreateObjectMapping: 0.251400 ms MarkObjects: 2.955300 ms  DeleteObjects: 0.200200 ms)

========================================================================
Received Prepare
Registering precompiled user dll's ...
Registered in 0.003674 seconds.
Begin MonoManager ReloadAssembly
Native extension for WindowsStandalone target not found
Native extension for WebGL target not found
Refreshing native plugins compatible for Editor in 0.90 ms, found 1 plugins.
Preloading 0 native plugins for Editor in 0.00 ms.
Invoked RoslynAnalysisRunner static constructor.
RoslynAnalysisRunner will not be running.
RoslynAnalysisRunner has terminated.
Mono: successfully reloaded assembly
- Completed reload, in  1.426 seconds
Platform modules already initialized, skipping
Refreshing native plugins compatible for Editor in 0.89 ms, found 1 plugins.
Preloading 0 native plugins for Editor in 0.00 ms.
Unloading 2084 Unused Serialized files (Serialized files now loaded: 0)
System memory in use before: 96.7 MB.
System memory in use after: 96.7 MB.

Unloading 32 unused Assets to reduce memory usage. Loaded Objects now: 2596.
Total: 3.597400 ms (FindLiveObjects: 0.338000 ms CreateObjectMapping: 0.075400 ms MarkObjects: 2.978300 ms  DeleteObjects: 0.203500 ms)

========================================================================
Received Prepare
Registering precompiled user dll's ...
Registered in 0.003181 seconds.
Begin MonoManager ReloadAssembly
Native extension for WindowsStandalone target not found
Native extension for WebGL target not found
Refreshing native plugins compatible for Editor in 0.74 ms, found 1 plugins.
Preloading 0 native plugins for Editor in 0.00 ms.
Invoked RoslynAnalysisRunner static constructor.
RoslynAnalysisRunner will not be running.
RoslynAnalysisRunner has terminated.
Mono: successfully reloaded assembly
- Completed reload, in  1.518 seconds
Platform modules already initialized, skipping
Refreshing native plugins compatible for Editor in 0.92 ms, found 1 plugins.
Preloading 0 native plugins for Editor in 0.00 ms.
Unloading 2084 Unused Serialized files (Serialized files now loaded: 0)
System memory in use before: 96.7 MB.
System memory in use after: 96.7 MB.

Unloading 32 unused Assets to reduce memory usage. Loaded Objects now: 2599.
Total: 3.422800 ms (FindLiveObjects: 0.322400 ms CreateObjectMapping: 0.073700 ms MarkObjects: 2.789900 ms  DeleteObjects: 0.234700 ms)

========================================================================
Received Prepare
Registering precompiled user dll's ...
Registered in 0.004742 seconds.
Begin MonoManager ReloadAssembly
Native extension for WindowsStandalone target not found
Native extension for WebGL target not found
Refreshing native plugins compatible for Editor in 0.73 ms, found 1 plugins.
Preloading 0 native plugins for Editor in 0.00 ms.
Invoked RoslynAnalysisRunner static constructor.
RoslynAnalysisRunner will not be running.
RoslynAnalysisRunner has terminated.
Mono: successfully reloaded assembly
- Completed reload, in  1.519 seconds
Platform modules already initialized, skipping
Refreshing native plugins compatible for Editor in 0.89 ms, found 1 plugins.
Preloading 0 native plugins for Editor in 0.00 ms.
Unloading 2084 Unused Serialized files (Serialized files now loaded: 0)
System memory in use before: 96.7 MB.
System memory in use after: 96.7 MB.

Unloading 32 unused Assets to reduce memory usage. Loaded Objects now: 2602.
Total: 3.210500 ms (FindLiveObjects: 0.298600 ms CreateObjectMapping: 0.075500 ms MarkObjects: 2.642300 ms  DeleteObjects: 0.192700 ms)

========================================================================
Received Prepare
Registering precompiled user dll's ...
Registered in 0.004161 seconds.
Begin MonoManager ReloadAssembly
Native extension for WindowsStandalone target not found
Native extension for WebGL target not found
Refreshing native plugins compatible for Editor in 0.78 ms, found 1 plugins.
Preloading 0 native plugins for Editor in 0.00 ms.
Invoked RoslynAnalysisRunner static constructor.
RoslynAnalysisRunner will not be running.
RoslynAnalysisRunner has terminated.
Mono: successfully reloaded assembly
- Completed reload, in  1.458 seconds
Platform modules already initialized, skipping
Refreshing native plugins compatible for Editor in 0.93 ms, found 1 plugins.
Preloading 0 native plugins for Editor in 0.00 ms.
Unloading 2084 Unused Serialized files (Serialized files now loaded: 0)
System memory in use before: 96.7 MB.
System memory in use after: 96.7 MB.

Unloading 32 unused Assets to reduce memory usage. Loaded Objects now: 2605.
Total: 3.343100 ms (FindLiveObjects: 0.337200 ms CreateObjectMapping: 0.081100 ms MarkObjects: 2.710200 ms  DeleteObjects: 0.213000 ms)

========================================================================
Received Import Request.
  Time since last request: 3273.304485 seconds.
  path: Assets/Creator Kit - RPG/Art/Sprites/Environment
  artifactKey: Guid(66542f97cde2db34d8edbeabef48f6f3) Importer(815301076,1909f56bfc062723c751e8b465ee728b)
Start importing Assets/Creator Kit - RPG/Art/Sprites/Environment using Guid(66542f97cde2db34d8edbeabef48f6f3) Importer(815301076,1909f56bfc062723c751e8b465ee728b)  -> (artifact id: '1d3457eae7b194434968d31057bd889f') in 0.010655 seconds
  Import took 0.015424 seconds .

========================================================================
Received Import Request.
  Time since last request: 6.908423 seconds.
  path: Assets/Creator Kit - RPG/Art/Sprites/Animated Environment/Animated_Tree3_Sheet.png
  artifactKey: Guid(12d14b4f7de20ff4da9bc415c17c4162) Importer(815301076,1909f56bfc062723c751e8b465ee728b)
Start importing Assets/Creator Kit - RPG/Art/Sprites/Animated Environment/Animated_Tree3_Sheet.png using Guid(12d14b4f7de20ff4da9bc415c17c4162) Importer(815301076,1909f56bfc062723c751e8b465ee728b)  -> (artifact id: '0b2a416deab7757f5e88c6bf695c18ee') in 0.240077 seconds
  Import took 0.246831 seconds .

========================================================================
Received Import Request.
  Time since last request: 0.000343 seconds.
  path: Assets/Creator Kit - RPG/Art/Sprites/Animated Environment/Animated_Tree1_Sheet.png
  artifactKey: Guid(c12a9ef0e75f18949a86a10822cf29f5) Importer(815301076,1909f56bfc062723c751e8b465ee728b)
Start importing Assets/Creator Kit - RPG/Art/Sprites/Animated Environment/Animated_Tree1_Sheet.png using Guid(c12a9ef0e75f18949a86a10822cf29f5) Importer(815301076,1909f56bfc062723c751e8b465ee728b)  -> (artifact id: 'd9440dd7d8f3a00b54cb331962d1d717') in 0.046109 seconds
  Import took 0.052118 seconds .

========================================================================
Received Import Request.
  Time since last request: 0.000462 seconds.
  path: Assets/Creator Kit - RPG/Art/Sprites/Characters/Characters01_AnimationSheet.png
  artifactKey: Guid(f22540e8ea335034b92c27795aa254c6) Importer(815301076,1909f56bfc062723c751e8b465ee728b)
Start importing Assets/Creator Kit - RPG/Art/Sprites/Characters/Characters01_AnimationSheet.png using Guid(f22540e8ea335034b92c27795aa254c6) Importer(815301076,1909f56bfc062723c751e8b465ee728b)  -> (artifact id: '3adee7027466a17e9586726c48c308d5') in 0.208085 seconds
  Import took 0.215183 seconds .

========================================================================
Received Import Request.
  Time since last request: 0.000489 seconds.
  path: Assets/Creator Kit - RPG/Art/Sprites/Animated Environment/Animated_Tree1_Sheet.png
  artifactKey: Guid(c12a9ef0e75f18949a86a10822cf29f5) Importer(815301076,1909f56bfc062723c751e8b465ee728b)
Start importing Assets/Creator Kit - RPG/Art/Sprites/Animated Environment/Animated_Tree1_Sheet.png using Guid(c12a9ef0e75f18949a86a10822cf29f5) Importer(815301076,1909f56bfc062723c751e8b465ee728b)  -> (artifact id: 'd9440dd7d8f3a00b54cb331962d1d717') in 0.074302 seconds
  Import took 0.082222 seconds .

========================================================================
Received Import Request.
  Time since last request: 0.000431 seconds.
  path: Assets/Creator Kit - RPG/Art/Sprites/Animated Environment/Animated_Tree3_Sheet.png
  artifactKey: Guid(12d14b4f7de20ff4da9bc415c17c4162) Importer(815301076,1909f56bfc062723c751e8b465ee728b)
Start importing Assets/Creator Kit - RPG/Art/Sprites/Animated Environment/Animated_Tree3_Sheet.png using Guid(12d14b4f7de20ff4da9bc415c17c4162) Importer(815301076,1909f56bfc062723c751e8b465ee728b)  -> (artifact id: '0b2a416deab7757f5e88c6bf695c18ee') in 0.069865 seconds
  Import took 0.077301 seconds .

========================================================================
Received Prepare
Registering precompiled user dll's ...
Registered in 0.003775 seconds.
Begin MonoManager ReloadAssembly
Native extension for WindowsStandalone target not found
Native extension for WebGL target not found
Refreshing native plugins compatible for Editor in 0.72 ms, found 1 plugins.
Preloading 0 native plugins for Editor in 0.00 ms.
Invoked RoslynAnalysisRunner static constructor.
RoslynAnalysisRunner will not be running.
RoslynAnalysisRunner has terminated.
Mono: successfully reloaded assembly
- Completed reload, in  1.542 seconds
Platform modules already initialized, skipping
Refreshing native plugins compatible for Editor in 0.70 ms, found 1 plugins.
Preloading 0 native plugins for Editor in 0.00 ms.
Unloading 2084 Unused Serialized files (Serialized files now loaded: 0)
System memory in use before: 96.8 MB.
System memory in use after: 96.8 MB.

Unloading 32 unused Assets to reduce memory usage. Loaded Objects now: 2609.
Total: 3.461900 ms (FindLiveObjects: 0.442400 ms CreateObjectMapping: 0.087700 ms MarkObjects: 2.730300 ms  DeleteObjects: 0.198800 ms)

========================================================================
Received Import Request.
  Time since last request: 113.826009 seconds.
  path: Assets/Creator Kit - RPG/Art/Sprites/Animated Environment/Animated_Tree2_Sheet.png
  artifactKey: Guid(4c4775fa3485eda4197558b5d1206d16) Importer(815301076,1909f56bfc062723c751e8b465ee728b)
Start importing Assets/Creator Kit - RPG/Art/Sprites/Animated Environment/Animated_Tree2_Sheet.png using Guid(4c4775fa3485eda4197558b5d1206d16) Importer(815301076,1909f56bfc062723c751e8b465ee728b)  -> (artifact id: '4d4f5f3dd9357dbd2fc41078d0bbe159') in 0.116696 seconds
  Import took 0.121625 seconds .

========================================================================
Received Import Request.
  Time since last request: 0.006995 seconds.
  path: Assets/Creator Kit - RPG/Art/Sprites/Animated Environment/Animated_Tree2_Sheet.png
  artifactKey: Guid(4c4775fa3485eda4197558b5d1206d16) Importer(815301076,1909f56bfc062723c751e8b465ee728b)
Start importing Assets/Creator Kit - RPG/Art/Sprites/Animated Environment/Animated_Tree2_Sheet.png using Guid(4c4775fa3485eda4197558b5d1206d16) Importer(815301076,1909f56bfc062723c751e8b465ee728b)  -> (artifact id: '4d4f5f3dd9357dbd2fc41078d0bbe159') in 0.044632 seconds
  Import took 0.049622 seconds .

========================================================================
Received Import Request.
  Time since last request: 1.687173 seconds.
  path: Assets/Creator Kit - RPG/Art/Sprites/Characters/Characters02_AnimationSheet.png
  artifactKey: Guid(3f198c94b65508c44a32b4b4072bb419) Importer(815301076,1909f56bfc062723c751e8b465ee728b)
Start importing Assets/Creator Kit - RPG/Art/Sprites/Characters/Characters02_AnimationSheet.png using Guid(3f198c94b65508c44a32b4b4072bb419) Importer(815301076,1909f56bfc062723c751e8b465ee728b)  -> (artifact id: '796e9ef10195ccc664beff79636aba43') in 0.137191 seconds
  Import took 0.142442 seconds .

========================================================================
Received Import Request.
  Time since last request: 0.000392 seconds.
  path: Assets/Creator Kit - RPG/Art/Sprites/Animated Environment/Animated_HighGrass_Sheet.png
  artifactKey: Guid(41a5838cb902bfa43b3d51f653cd804a) Importer(815301076,1909f56bfc062723c751e8b465ee728b)
Start importing Assets/Creator Kit - RPG/Art/Sprites/Animated Environment/Animated_HighGrass_Sheet.png using Guid(41a5838cb902bfa43b3d51f653cd804a) Importer(815301076,1909f56bfc062723c751e8b465ee728b)  -> (artifact id: '91c8b1cdfc8c0803fd84c3fa14ae8d3a') in 0.200839 seconds
  Import took 0.205753 seconds .

========================================================================
Received Prepare
Registering precompiled user dll's ...
Registered in 0.004159 seconds.
Begin MonoManager ReloadAssembly
Native extension for WindowsStandalone target not found
Native extension for WebGL target not found
Refreshing native plugins compatible for Editor in 0.77 ms, found 1 plugins.
Preloading 0 native plugins for Editor in 0.00 ms.
Invoked RoslynAnalysisRunner static constructor.
RoslynAnalysisRunner will not be running.
RoslynAnalysisRunner has terminated.
Mono: successfully reloaded assembly
- Completed reload, in  1.551 seconds
Platform modules already initialized, skipping
Refreshing native plugins compatible for Editor in 0.93 ms, found 1 plugins.
Preloading 0 native plugins for Editor in 0.00 ms.
Unloading 2084 Unused Serialized files (Serialized files now loaded: 0)
System memory in use before: 96.8 MB.
System memory in use after: 96.8 MB.

Unloading 32 unused Assets to reduce memory usage. Loaded Objects now: 2613.
Total: 3.049300 ms (FindLiveObjects: 0.308700 ms CreateObjectMapping: 0.085100 ms MarkObjects: 2.476400 ms  DeleteObjects: 0.177400 ms)

========================================================================
Received Prepare
Registering precompiled user dll's ...
Registered in 0.008347 seconds.
Begin MonoManager ReloadAssembly
Native extension for WindowsStandalone target not found
Native extension for WebGL target not found
Refreshing native plugins compatible for Editor in 1.36 ms, found 1 plugins.
Preloading 0 native plugins for Editor in 0.00 ms.
Invoked RoslynAnalysisRunner static constructor.
RoslynAnalysisRunner will not be running.
RoslynAnalysisRunner has terminated.
Mono: successfully reloaded assembly
- Completed reload, in  2.801 seconds
Platform modules already initialized, skipping
Refreshing native plugins compatible for Editor in 1.34 ms, found 1 plugins.
Preloading 0 native plugins for Editor in 0.00 ms.
Unloading 2084 Unused Serialized files (Serialized files now loaded: 0)
System memory in use before: 96.8 MB.
System memory in use after: 96.8 MB.

Unloading 32 unused Assets to reduce memory usage. Loaded Objects now: 2616.
Total: 5.784500 ms (FindLiveObjects: 0.707100 ms CreateObjectMapping: 0.144000 ms MarkObjects: 4.628100 ms  DeleteObjects: 0.301900 ms)

========================================================================
Received Prepare
Registering precompiled user dll's ...
Registered in 0.006872 seconds.
Begin MonoManager ReloadAssembly
Native extension for WindowsStandalone target not found
Native extension for WebGL target not found
Refreshing native plugins compatible for Editor in 1.77 ms, found 1 plugins.
Preloading 0 native plugins for Editor in 0.00 ms.
Invoked RoslynAnalysisRunner static constructor.
RoslynAnalysisRunner will not be running.
RoslynAnalysisRunner has terminated.
Mono: successfully reloaded assembly
- Completed reload, in  2.765 seconds
Platform modules already initialized, skipping
Refreshing native plugins compatible for Editor in 1.32 ms, found 1 plugins.
Preloading 0 native plugins for Editor in 0.00 ms.
Unloading 2084 Unused Serialized files (Serialized files now loaded: 0)
System memory in use before: 96.9 MB.
System memory in use after: 96.9 MB.

Unloading 32 unused Assets to reduce memory usage. Loaded Objects now: 2619.
Total: 6.067100 ms (FindLiveObjects: 0.720100 ms CreateObjectMapping: 0.161300 ms MarkObjects: 4.875100 ms  DeleteObjects: 0.307800 ms)

========================================================================
Received Prepare
Registering precompiled user dll's ...
Registered in 0.007795 seconds.
Begin MonoManager ReloadAssembly
Native extension for WindowsStandalone target not found
Native extension for WebGL target not found
Refreshing native plugins compatible for Editor in 1.99 ms, found 1 plugins.
Preloading 0 native plugins for Editor in 0.00 ms.
Invoked RoslynAnalysisRunner static constructor.
RoslynAnalysisRunner will not be running.
RoslynAnalysisRunner has terminated.
Mono: successfully reloaded assembly
- Completed reload, in  2.918 seconds
Platform modules already initialized, skipping
Refreshing native plugins compatible for Editor in 1.35 ms, found 1 plugins.
Preloading 0 native plugins for Editor in 0.00 ms.
Unloading 2084 Unused Serialized files (Serialized files now loaded: 0)
System memory in use before: 96.9 MB.
System memory in use after: 96.9 MB.

Unloading 32 unused Assets to reduce memory usage. Loaded Objects now: 2622.
Total: 5.568800 ms (FindLiveObjects: 0.626900 ms CreateObjectMapping: 0.137700 ms MarkObjects: 4.489400 ms  DeleteObjects: 0.312100 ms)

========================================================================
Received Prepare
Registering precompiled user dll's ...
Registered in 0.007293 seconds.
Begin MonoManager ReloadAssembly
Native extension for WindowsStandalone target not found
Native extension for WebGL target not found
Refreshing native plugins compatible for Editor in 1.84 ms, found 1 plugins.
Preloading 0 native plugins for Editor in 0.00 ms.
Invoked RoslynAnalysisRunner static constructor.
RoslynAnalysisRunner will not be running.
RoslynAnalysisRunner has terminated.
Mono: successfully reloaded assembly
- Completed reload, in  2.874 seconds
Platform modules already initialized, skipping
Refreshing native plugins compatible for Editor in 1.34 ms, found 1 plugins.
Preloading 0 native plugins for Editor in 0.00 ms.
Unloading 2084 Unused Serialized files (Serialized files now loaded: 0)
System memory in use before: 96.9 MB.
System memory in use after: 96.9 MB.

Unloading 32 unused Assets to reduce memory usage. Loaded Objects now: 2625.
Total: 6.613400 ms (FindLiveObjects: 0.636300 ms CreateObjectMapping: 0.167100 ms MarkObjects: 5.494800 ms  DeleteObjects: 0.311900 ms)

AssetImportWorkerClient::OnTransportError - code=2 error=End of file
